{"meta": {"format": 3, "version": "7.10.7", "timestamp": "2025-10-06T03:50:50.517673", "branch_coverage": false, "show_contexts": false}, "files": {"packages/core/src/core/__init__.py": {"executed_lines": [1, 3, 5, 6], "summary": {"covered_lines": 3, "num_statements": 3, "percent_covered": 100.0, "percent_covered_display": "100", "missing_lines": 0, "excluded_lines": 0}, "missing_lines": [], "excluded_lines": [], "functions": {"": {"executed_lines": [1, 3, 5, 6], "summary": {"covered_lines": 3, "num_statements": 3, "percent_covered": 100.0, "percent_covered_display": "100", "missing_lines": 0, "excluded_lines": 0}, "missing_lines": [], "excluded_lines": []}}, "classes": {"": {"executed_lines": [1, 3, 5, 6], "summary": {"covered_lines": 3, "num_statements": 3, "percent_covered": 100.0, "percent_covered_display": "100", "missing_lines": 0, "excluded_lines": 0}, "missing_lines": [], "excluded_lines": []}}}, "packages/core/src/core/adapters/__init__.py": {"executed_lines": [1, 3, 5], "summary": {"covered_lines": 2, "num_statements": 2, "percent_covered": 100.0, "percent_covered_display": "100", "missing_lines": 0, "excluded_lines": 0}, "missing_lines": [], "excluded_lines": [], "functions": {"": {"executed_lines": [1, 3, 5], "summary": {"covered_lines": 2, "num_statements": 2, "percent_covered": 100.0, "percent_covered_display": "100", "missing_lines": 0, "excluded_lines": 0}, "missing_lines": [], "excluded_lines": []}}, "classes": {"": {"executed_lines": [1, 3, 5], "summary": {"covered_lines": 2, "num_statements": 2, "percent_covered": 100.0, "percent_covered_display": "100", "missing_lines": 0, "excluded_lines": 0}, "missing_lines": [], "excluded_lines": []}}}, "packages/core/src/core/adapters/mcp_base.py": {"executed_lines": [1, 3, 4, 5, 6, 8, 9, 11, 13, 16, 17, 19, 24, 25, 28, 31, 34, 35, 42, 54, 58, 78, 99, 168, 169, 181], "summary": {"covered_lines": 21, "num_statements": 55, "percent_covered": 38.18181818181818, "percent_covered_display": "38", "missing_lines": 34, "excluded_lines": 12}, "missing_lines": [50, 51, 52, 56, 65, 67, 68, 69, 71, 73, 74, 75, 76, 88, 89, 91, 94, 95, 96, 97, 112, 114, 121, 123, 124, 133, 135, 137, 145, 147, 148, 150, 159, 188], "excluded_lines": [168, 169, 170, 171, 172, 173, 174, 175, 176, 177, 178, 179], "functions": {"MCPAdapter.__init__": {"executed_lines": [], "summary": {"covered_lines": 0, "num_statements": 3, "percent_covered": 0.0, "percent_covered_display": "0", "missing_lines": 3, "excluded_lines": 0}, "missing_lines": [50, 51, 52], "excluded_lines": []}, "MCPAdapter.is_enabled": {"executed_lines": [], "summary": {"covered_lines": 0, "num_statements": 1, "percent_covered": 0.0, "percent_covered_display": "0", "missing_lines": 1, "excluded_lines": 0}, "missing_lines": [56], "excluded_lines": []}, "MCPAdapter.validate_protocol_compliance": {"executed_lines": [], "summary": {"covered_lines": 0, "num_statements": 9, "percent_covered": 0.0, "percent_covered_display": "0", "missing_lines": 9, "excluded_lines": 0}, "missing_lines": [65, 67, 68, 69, 71, 73, 74, 75, 76], "excluded_lines": []}, "MCPAdapter.validate_schema": {"executed_lines": [], "summary": {"covered_lines": 0, "num_statements": 7, "percent_covered": 0.0, "percent_covered_display": "0", "missing_lines": 7, "excluded_lines": 0}, "missing_lines": [88, 89, 91, 94, 95, 96, 97], "excluded_lines": []}, "MCPAdapter.send_request": {"executed_lines": [], "summary": {"covered_lines": 0, "num_statements": 13, "percent_covered": 0.0, "percent_covered_display": "0", "missing_lines": 13, "excluded_lines": 0}, "missing_lines": [112, 114, 121, 123, 124, 133, 135, 137, 145, 147, 148, 150, 159], "excluded_lines": []}, "MCPAdapter._process_request": {"executed_lines": [], "summary": {"covered_lines": 0, "num_statements": 0, "percent_covered": 100.0, "percent_covered_display": "100", "missing_lines": 0, "excluded_lines": 10}, "missing_lines": [], "excluded_lines": [170, 171, 172, 173, 174, 175, 176, 177, 178, 179]}, "MCPAdapter.get_diagnostics": {"executed_lines": [], "summary": {"covered_lines": 0, "num_statements": 1, "percent_covered": 0.0, "percent_covered_display": "0", "missing_lines": 1, "excluded_lines": 0}, "missing_lines": [188], "excluded_lines": []}, "": {"executed_lines": [1, 3, 4, 5, 6, 8, 9, 11, 13, 16, 17, 19, 24, 25, 28, 31, 34, 35, 42, 54, 58, 78, 99, 168, 169, 181], "summary": {"covered_lines": 21, "num_statements": 21, "percent_covered": 100.0, "percent_covered_display": "100", "missing_lines": 0, "excluded_lines": 2}, "missing_lines": [], "excluded_lines": [168, 169]}}, "classes": {"MCPConfig": {"executed_lines": [], "summary": {"covered_lines": 0, "num_statements": 0, "percent_covered": 100.0, "percent_covered_display": "100", "missing_lines": 0, "excluded_lines": 0}, "missing_lines": [], "excluded_lines": []}, "MCPAdapter": {"executed_lines": [], "summary": {"covered_lines": 0, "num_statements": 34, "percent_covered": 0.0, "percent_covered_display": "0", "missing_lines": 34, "excluded_lines": 10}, "missing_lines": [50, 51, 52, 56, 65, 67, 68, 69, 71, 73, 74, 75, 76, 88, 89, 91, 94, 95, 96, 97, 112, 114, 121, 123, 124, 133, 135, 137, 145, 147, 148, 150, 159, 188], "excluded_lines": [170, 171, 172, 173, 174, 175, 176, 177, 178, 179]}, "": {"executed_lines": [1, 3, 4, 5, 6, 8, 9, 11, 13, 16, 17, 19, 24, 25, 28, 31, 34, 35, 42, 54, 58, 78, 99, 168, 169, 181], "summary": {"covered_lines": 21, "num_statements": 21, "percent_covered": 100.0, "percent_covered_display": "100", "missing_lines": 0, "excluded_lines": 2}, "missing_lines": [], "excluded_lines": [168, 169]}}}, "packages/core/src/core/models/__init__.py": {"executed_lines": [1, 3, 5], "summary": {"covered_lines": 2, "num_statements": 2, "percent_covered": 100.0, "percent_covered_display": "100", "missing_lines": 0, "excluded_lines": 0}, "missing_lines": [], "excluded_lines": [], "functions": {"": {"executed_lines": [1, 3, 5], "summary": {"covered_lines": 2, "num_statements": 2, "percent_covered": 100.0, "percent_covered_display": "100", "missing_lines": 0, "excluded_lines": 0}, "missing_lines": [], "excluded_lines": []}}, "classes": {"": {"executed_lines": [1, 3, 5], "summary": {"covered_lines": 2, "num_statements": 2, "percent_covered": 100.0, "percent_covered_display": "100", "missing_lines": 0, "excluded_lines": 0}, "missing_lines": [], "excluded_lines": []}}}, "packages/core/src/core/models/contracts.py": {"executed_lines": [1, 3, 4, 5, 7, 10, 11, 13, 14, 15, 16, 17, 20, 21, 23, 24, 25, 26, 29, 30, 32, 33, 34, 35, 38, 41, 42, 46, 47, 49, 50, 55, 56, 58, 59, 60, 61, 64, 67, 70, 73, 76, 80, 81, 83, 86, 87, 89, 93, 94, 109, 110, 119, 120, 132, 142, 143, 145, 147, 149, 158, 170, 182, 199], "summary": {"covered_lines": 49, "num_statements": 61, "percent_covered": 80.32786885245902, "percent_covered_display": "80", "missing_lines": 12, "excluded_lines": 36}, "missing_lines": [91, 139, 156, 168, 177, 189, 190, 191, 192, 193, 194, 195], "excluded_lines": [93, 94, 95, 96, 97, 98, 99, 100, 101, 102, 103, 104, 105, 106, 107, 109, 110, 111, 112, 113, 114, 115, 116, 117, 119, 120, 121, 122, 123, 124, 125, 126, 127, 128, 129, 130], "functions": {"AgentProtocol.__init__": {"executed_lines": [], "summary": {"covered_lines": 0, "num_statements": 1, "percent_covered": 0.0, "percent_covered_display": "0", "missing_lines": 1, "excluded_lines": 0}, "missing_lines": [91], "excluded_lines": []}, "AgentProtocol.run": {"executed_lines": [], "summary": {"covered_lines": 0, "num_statements": 0, "percent_covered": 100.0, "percent_covered_display": "100", "missing_lines": 0, "excluded_lines": 13}, "missing_lines": [], "excluded_lines": [95, 96, 97, 98, 99, 100, 101, 102, 103, 104, 105, 106, 107]}, "AgentProtocol.health_check": {"executed_lines": [], "summary": {"covered_lines": 0, "num_statements": 0, "percent_covered": 100.0, "percent_covered_display": "100", "missing_lines": 0, "excluded_lines": 7}, "missing_lines": [], "excluded_lines": [111, 112, 113, 114, 115, 116, 117]}, "AgentProtocol.validate_input": {"executed_lines": [], "summary": {"covered_lines": 0, "num_statements": 0, "percent_covered": 100.0, "percent_covered_display": "100", "missing_lines": 0, "excluded_lines": 10}, "missing_lines": [], "excluded_lines": [121, 122, 123, 124, 125, 126, 127, 128, 129, 130]}, "AgentProtocol.get_agent_info": {"executed_lines": [], "summary": {"covered_lines": 0, "num_statements": 1, "percent_covered": 0.0, "percent_covered_display": "0", "missing_lines": 1, "excluded_lines": 0}, "missing_lines": [139], "excluded_lines": []}, "AgentRegistry.__init__": {"executed_lines": [147], "summary": {"covered_lines": 1, "num_statements": 1, "percent_covered": 100.0, "percent_covered_display": "100", "missing_lines": 0, "excluded_lines": 0}, "missing_lines": [], "excluded_lines": []}, "AgentRegistry.register": {"executed_lines": [], "summary": {"covered_lines": 0, "num_statements": 1, "percent_covered": 0.0, "percent_covered_display": "0", "missing_lines": 1, "excluded_lines": 0}, "missing_lines": [156], "excluded_lines": []}, "AgentRegistry.get_agent": {"executed_lines": [], "summary": {"covered_lines": 0, "num_statements": 1, "percent_covered": 0.0, "percent_covered_display": "0", "missing_lines": 1, "excluded_lines": 0}, "missing_lines": [168], "excluded_lines": []}, "AgentRegistry.list_agents": {"executed_lines": [], "summary": {"covered_lines": 0, "num_statements": 1, "percent_covered": 0.0, "percent_covered_display": "0", "missing_lines": 1, "excluded_lines": 0}, "missing_lines": [177], "excluded_lines": []}, "AgentRegistry.health_check_all": {"executed_lines": [], "summary": {"covered_lines": 0, "num_statements": 7, "percent_covered": 0.0, "percent_covered_display": "0", "missing_lines": 7, "excluded_lines": 0}, "missing_lines": [189, 190, 191, 192, 193, 194, 195], "excluded_lines": []}, "": {"executed_lines": [1, 3, 4, 5, 7, 10, 11, 13, 14, 15, 16, 17, 20, 21, 23, 24, 25, 26, 29, 30, 32, 33, 34, 35, 38, 41, 42, 46, 47, 49, 50, 55, 56, 58, 59, 60, 61, 64, 67, 70, 73, 76, 80, 81, 83, 86, 87, 89, 93, 94, 109, 110, 119, 120, 132, 142, 143, 145, 149, 158, 170, 182, 199], "summary": {"covered_lines": 48, "num_statements": 48, "percent_covered": 100.0, "percent_covered_display": "100", "missing_lines": 0, "excluded_lines": 6}, "missing_lines": [], "excluded_lines": [93, 94, 109, 110, 119, 120]}}, "classes": {"AgentStatus": {"executed_lines": [], "summary": {"covered_lines": 0, "num_statements": 0, "percent_covered": 100.0, "percent_covered_display": "100", "missing_lines": 0, "excluded_lines": 0}, "missing_lines": [], "excluded_lines": []}, "Priority": {"executed_lines": [], "summary": {"covered_lines": 0, "num_statements": 0, "percent_covered": 100.0, "percent_covered_display": "100", "missing_lines": 0, "excluded_lines": 0}, "missing_lines": [], "excluded_lines": []}, "AgentInput": {"executed_lines": [], "summary": {"covered_lines": 0, "num_statements": 0, "percent_covered": 100.0, "percent_covered_display": "100", "missing_lines": 0, "excluded_lines": 0}, "missing_lines": [], "excluded_lines": []}, "AgentInput.Config": {"executed_lines": [], "summary": {"covered_lines": 0, "num_statements": 0, "percent_covered": 100.0, "percent_covered_display": "100", "missing_lines": 0, "excluded_lines": 0}, "missing_lines": [], "excluded_lines": []}, "AgentOutput": {"executed_lines": [], "summary": {"covered_lines": 0, "num_statements": 0, "percent_covered": 100.0, "percent_covered_display": "100", "missing_lines": 0, "excluded_lines": 0}, "missing_lines": [], "excluded_lines": []}, "AgentOutput.Config": {"executed_lines": [], "summary": {"covered_lines": 0, "num_statements": 0, "percent_covered": 100.0, "percent_covered_display": "100", "missing_lines": 0, "excluded_lines": 0}, "missing_lines": [], "excluded_lines": []}, "AgentProtocol": {"executed_lines": [], "summary": {"covered_lines": 0, "num_statements": 2, "percent_covered": 0.0, "percent_covered_display": "0", "missing_lines": 2, "excluded_lines": 30}, "missing_lines": [91, 139], "excluded_lines": [95, 96, 97, 98, 99, 100, 101, 102, 103, 104, 105, 106, 107, 111, 112, 113, 114, 115, 116, 117, 121, 122, 123, 124, 125, 126, 127, 128, 129, 130]}, "AgentRegistry": {"executed_lines": [147], "summary": {"covered_lines": 1, "num_statements": 11, "percent_covered": 9.090909090909092, "percent_covered_display": "9", "missing_lines": 10, "excluded_lines": 0}, "missing_lines": [156, 168, 177, 189, 190, 191, 192, 193, 194, 195], "excluded_lines": []}, "": {"executed_lines": [1, 3, 4, 5, 7, 10, 11, 13, 14, 15, 16, 17, 20, 21, 23, 24, 25, 26, 29, 30, 32, 33, 34, 35, 38, 41, 42, 46, 47, 49, 50, 55, 56, 58, 59, 60, 61, 64, 67, 70, 73, 76, 80, 81, 83, 86, 87, 89, 93, 94, 109, 110, 119, 120, 132, 142, 143, 145, 149, 158, 170, 182, 199], "summary": {"covered_lines": 48, "num_statements": 48, "percent_covered": 100.0, "percent_covered_display": "100", "missing_lines": 0, "excluded_lines": 6}, "missing_lines": [], "excluded_lines": [93, 94, 109, 110, 119, 120]}}}, "src/__init__.py": {"executed_lines": [], "summary": {"covered_lines": 0, "num_statements": 0, "percent_covered": 100.0, "percent_covered_display": "100", "missing_lines": 0, "excluded_lines": 0}, "missing_lines": [], "excluded_lines": [], "functions": {"": {"executed_lines": [], "summary": {"covered_lines": 0, "num_statements": 0, "percent_covered": 100.0, "percent_covered_display": "100", "missing_lines": 0, "excluded_lines": 0}, "missing_lines": [], "excluded_lines": []}}, "classes": {"": {"executed_lines": [], "summary": {"covered_lines": 0, "num_statements": 0, "percent_covered": 100.0, "percent_covered_display": "100", "missing_lines": 0, "excluded_lines": 0}, "missing_lines": [], "excluded_lines": []}}}, "src/database.py": {"executed_lines": [], "summary": {"covered_lines": 0, "num_statements": 2, "percent_covered": 0.0, "percent_covered_display": "0", "missing_lines": 2, "excluded_lines": 0}, "missing_lines": [5, 8], "excluded_lines": [], "functions": {"": {"executed_lines": [], "summary": {"covered_lines": 0, "num_statements": 2, "percent_covered": 0.0, "percent_covered_display": "0", "missing_lines": 2, "excluded_lines": 0}, "missing_lines": [5, 8], "excluded_lines": []}}, "classes": {"": {"executed_lines": [], "summary": {"covered_lines": 0, "num_statements": 2, "percent_covered": 0.0, "percent_covered_display": "0", "missing_lines": 2, "excluded_lines": 0}, "missing_lines": [5, 8], "excluded_lines": []}}}, "src/kaani_functions.py": {"executed_lines": [], "summary": {"covered_lines": 0, "num_statements": 154, "percent_covered": 0.0, "percent_covered_display": "0", "missing_lines": 154, "excluded_lines": 0}, "missing_lines": [6, 8, 10, 11, 12, 15, 18, 19, 21, 22, 24, 25, 26, 28, 30, 32, 33, 35, 49, 50, 52, 53, 55, 56, 57, 58, 59, 61, 62, 63, 64, 66, 73, 74, 75, 76, 77, 78, 92, 102, 108, 109, 111, 112, 114, 115, 118, 119, 120, 122, 123, 126, 133, 134, 135, 144, 153, 154, 163, 172, 174, 175, 177, 178, 180, 181, 184, 185, 217, 238, 253, 263, 264, 266, 267, 269, 270, 273, 274, 282, 289, 297, 304, 311, 312, 314, 315, 319, 320, 321, 324, 325, 326, 329, 330, 331, 332, 333, 334, 335, 336, 337, 341, 346, 347, 348, 351, 352, 353, 354, 355, 356, 360, 361, 364, 367, 368, 372, 373, 374, 377, 378, 379, 380, 381, 382, 386, 389, 396, 397, 398, 400, 401, 406, 407, 408, 409, 410, 411, 413, 414, 417, 418, 419, 420, 421, 429, 458, 459, 463, 473, 475, 476, 478], "excluded_lines": [], "functions": {"KaAniFunctions.get_farmer_profile": {"executed_lines": [], "summary": {"covered_lines": 0, "num_statements": 12, "percent_covered": 0.0, "percent_covered_display": "0", "missing_lines": 12, "excluded_lines": 0}, "missing_lines": [21, 22, 24, 25, 26, 28, 30, 32, 33, 35, 49, 50], "excluded_lines": []}, "KaAniFunctions.get_farmer_orders": {"executed_lines": [], "summary": {"covered_lines": 0, "num_statements": 20, "percent_covered": 0.0, "percent_covered_display": "0", "missing_lines": 20, "excluded_lines": 0}, "missing_lines": [55, 56, 57, 58, 59, 61, 62, 63, 64, 66, 73, 74, 75, 76, 77, 78, 92, 102, 108, 109], "excluded_lines": []}, "KaAniFunctions.get_seasonal_recommendations": {"executed_lines": [], "summary": {"covered_lines": 0, "num_statements": 18, "percent_covered": 0.0, "percent_covered_display": "0", "missing_lines": 18, "excluded_lines": 0}, "missing_lines": [114, 115, 118, 119, 120, 122, 123, 126, 133, 134, 135, 144, 153, 154, 163, 172, 174, 175], "excluded_lines": []}, "KaAniFunctions.calculate_input_needs": {"executed_lines": [], "summary": {"covered_lines": 0, "num_statements": 9, "percent_covered": 0.0, "percent_covered_display": "0", "missing_lines": 9, "excluded_lines": 0}, "missing_lines": [180, 181, 184, 185, 217, 238, 253, 263, 264], "excluded_lines": []}, "KaAniFunctions.get_weather_advice": {"executed_lines": [], "summary": {"covered_lines": 0, "num_statements": 10, "percent_covered": 0.0, "percent_covered_display": "0", "missing_lines": 10, "excluded_lines": 0}, "missing_lines": [269, 270, 273, 274, 282, 289, 297, 304, 311, 312], "excluded_lines": []}, "KaAniFunctions.prequalify_farmer": {"executed_lines": [], "summary": {"covered_lines": 0, "num_statements": 62, "percent_covered": 0.0, "percent_covered_display": "0", "missing_lines": 62, "excluded_lines": 0}, "missing_lines": [319, 320, 321, 324, 325, 326, 329, 330, 331, 332, 333, 334, 335, 336, 337, 341, 346, 347, 348, 351, 352, 353, 354, 355, 356, 360, 361, 364, 367, 368, 372, 373, 374, 377, 378, 379, 380, 381, 382, 386, 389, 396, 397, 398, 400, 401, 406, 407, 408, 409, 410, 411, 413, 414, 417, 418, 419, 420, 421, 429, 458, 459], "excluded_lines": []}, "execute_kaani_function": {"executed_lines": [], "summary": {"covered_lines": 0, "num_statements": 3, "percent_covered": 0.0, "percent_covered_display": "0", "missing_lines": 3, "excluded_lines": 0}, "missing_lines": [475, 476, 478], "excluded_lines": []}, "": {"executed_lines": [], "summary": {"covered_lines": 0, "num_statements": 20, "percent_covered": 0.0, "percent_covered_display": "0", "missing_lines": 20, "excluded_lines": 0}, "missing_lines": [6, 8, 10, 11, 12, 15, 18, 19, 52, 53, 111, 112, 177, 178, 266, 267, 314, 315, 463, 473], "excluded_lines": []}}, "classes": {"KaAniFunctions": {"executed_lines": [], "summary": {"covered_lines": 0, "num_statements": 131, "percent_covered": 0.0, "percent_covered_display": "0", "missing_lines": 131, "excluded_lines": 0}, "missing_lines": [21, 22, 24, 25, 26, 28, 30, 32, 33, 35, 49, 50, 55, 56, 57, 58, 59, 61, 62, 63, 64, 66, 73, 74, 75, 76, 77, 78, 92, 102, 108, 109, 114, 115, 118, 119, 120, 122, 123, 126, 133, 134, 135, 144, 153, 154, 163, 172, 174, 175, 180, 181, 184, 185, 217, 238, 253, 263, 264, 269, 270, 273, 274, 282, 289, 297, 304, 311, 312, 319, 320, 321, 324, 325, 326, 329, 330, 331, 332, 333, 334, 335, 336, 337, 341, 346, 347, 348, 351, 352, 353, 354, 355, 356, 360, 361, 364, 367, 368, 372, 373, 374, 377, 378, 379, 380, 381, 382, 386, 389, 396, 397, 398, 400, 401, 406, 407, 408, 409, 410, 411, 413, 414, 417, 418, 419, 420, 421, 429, 458, 459], "excluded_lines": []}, "": {"executed_lines": [], "summary": {"covered_lines": 0, "num_statements": 23, "percent_covered": 0.0, "percent_covered_display": "0", "missing_lines": 23, "excluded_lines": 0}, "missing_lines": [6, 8, 10, 11, 12, 15, 18, 19, 52, 53, 111, 112, 177, 178, 266, 267, 314, 315, 463, 473, 475, 476, 478], "excluded_lines": []}}}, "src/main.py": {"executed_lines": [], "summary": {"covered_lines": 0, "num_statements": 123, "percent_covered": 0.0, "percent_covered_display": "0", "missing_lines": 123, "excluded_lines": 10}, "missing_lines": [1, 2, 3, 5, 6, 8, 9, 10, 11, 12, 13, 14, 15, 16, 17, 18, 19, 20, 21, 22, 23, 24, 25, 26, 27, 28, 29, 30, 33, 38, 39, 42, 43, 44, 45, 48, 52, 55, 56, 65, 66, 67, 69, 72, 73, 74, 75, 76, 77, 78, 79, 80, 81, 82, 83, 84, 86, 87, 88, 89, 90, 91, 98, 99, 101, 102, 103, 104, 106, 107, 113, 114, 116, 119, 120, 122, 125, 126, 128, 131, 132, 134, 137, 138, 140, 143, 144, 146, 149, 150, 152, 158, 159, 161, 167, 168, 170, 171, 173, 174, 175, 177, 179, 180, 181, 182, 185, 186, 187, 189, 196, 197, 198, 199, 202, 213, 214, 216, 220, 223, 224, 225, 226], "excluded_lines": [231, 234, 235, 239, 241, 242, 243, 244, 246, 256], "functions": {"index": {"executed_lines": [], "summary": {"covered_lines": 0, "num_statements": 6, "percent_covered": 0.0, "percent_covered_display": "0", "missing_lines": 6, "excluded_lines": 0}, "missing_lines": [101, 102, 103, 104, 106, 107], "excluded_lines": []}, "admin_dashboard": {"executed_lines": [], "summary": {"covered_lines": 0, "num_statements": 1, "percent_covered": 0.0, "percent_covered_display": "0", "missing_lines": 1, "excluded_lines": 0}, "missing_lines": [116], "excluded_lines": []}, "manager_dashboard": {"executed_lines": [], "summary": {"covered_lines": 0, "num_statements": 1, "percent_covered": 0.0, "percent_covered_display": "0", "missing_lines": 1, "excluded_lines": 0}, "missing_lines": [122], "excluded_lines": []}, "officer_dashboard": {"executed_lines": [], "summary": {"covered_lines": 0, "num_statements": 1, "percent_covered": 0.0, "percent_covered_display": "0", "missing_lines": 1, "excluded_lines": 0}, "missing_lines": [128], "excluded_lines": []}, "farmer_dashboard": {"executed_lines": [], "summary": {"covered_lines": 0, "num_statements": 1, "percent_covered": 0.0, "percent_covered_display": "0", "missing_lines": 1, "excluded_lines": 0}, "missing_lines": [134], "excluded_lines": []}, "farmer_loans_demo": {"executed_lines": [], "summary": {"covered_lines": 0, "num_statements": 1, "percent_covered": 0.0, "percent_covered_display": "0", "missing_lines": 1, "excluded_lines": 0}, "missing_lines": [140], "excluded_lines": []}, "enhanced_officer_dashboard": {"executed_lines": [], "summary": {"covered_lines": 0, "num_statements": 1, "percent_covered": 0.0, "percent_covered_display": "0", "missing_lines": 1, "excluded_lines": 0}, "missing_lines": [146], "excluded_lines": []}, "offline_sync_demo": {"executed_lines": [], "summary": {"covered_lines": 0, "num_statements": 1, "percent_covered": 0.0, "percent_covered_display": "0", "missing_lines": 1, "excluded_lines": 0}, "missing_lines": [152], "excluded_lines": []}, "test_endpoint": {"executed_lines": [], "summary": {"covered_lines": 0, "num_statements": 1, "percent_covered": 0.0, "percent_covered_display": "0", "missing_lines": 1, "excluded_lines": 0}, "missing_lines": [161], "excluded_lines": []}, "health_check": {"executed_lines": [], "summary": {"covered_lines": 0, "num_statements": 19, "percent_covered": 0.0, "percent_covered_display": "0", "missing_lines": 19, "excluded_lines": 0}, "missing_lines": [170, 171, 173, 174, 175, 177, 179, 180, 181, 182, 185, 186, 187, 189, 196, 197, 198, 199, 202], "excluded_lines": []}, "serve_static": {"executed_lines": [], "summary": {"covered_lines": 0, "num_statements": 1, "percent_covered": 0.0, "percent_covered_display": "0", "missing_lines": 1, "excluded_lines": 0}, "missing_lines": [216], "excluded_lines": []}, "": {"executed_lines": [], "summary": {"covered_lines": 0, "num_statements": 89, "percent_covered": 0.0, "percent_covered_display": "0", "missing_lines": 89, "excluded_lines": 10}, "missing_lines": [1, 2, 3, 5, 6, 8, 9, 10, 11, 12, 13, 14, 15, 16, 17, 18, 19, 20, 21, 22, 23, 24, 25, 26, 27, 28, 29, 30, 33, 38, 39, 42, 43, 44, 45, 48, 52, 55, 56, 65, 66, 67, 69, 72, 73, 74, 75, 76, 77, 78, 79, 80, 81, 82, 83, 84, 86, 87, 88, 89, 90, 91, 98, 99, 113, 114, 119, 120, 125, 126, 131, 132, 137, 138, 143, 144, 149, 150, 158, 159, 167, 168, 213, 214, 220, 223, 224, 225, 226], "excluded_lines": [231, 234, 235, 239, 241, 242, 243, 244, 246, 256]}}, "classes": {"": {"executed_lines": [], "summary": {"covered_lines": 0, "num_statements": 123, "percent_covered": 0.0, "percent_covered_display": "0", "missing_lines": 123, "excluded_lines": 10}, "missing_lines": [1, 2, 3, 5, 6, 8, 9, 10, 11, 12, 13, 14, 15, 16, 17, 18, 19, 20, 21, 22, 23, 24, 25, 26, 27, 28, 29, 30, 33, 38, 39, 42, 43, 44, 45, 48, 52, 55, 56, 65, 66, 67, 69, 72, 73, 74, 75, 76, 77, 78, 79, 80, 81, 82, 83, 84, 86, 87, 88, 89, 90, 91, 98, 99, 101, 102, 103, 104, 106, 107, 113, 114, 116, 119, 120, 122, 125, 126, 128, 131, 132, 134, 137, 138, 140, 143, 144, 146, 149, 150, 152, 158, 159, 161, 167, 168, 170, 171, 173, 174, 175, 177, 179, 180, 181, 182, 185, 186, 187, 189, 196, 197, 198, 199, 202, 213, 214, 216, 220, 223, 224, 225, 226], "excluded_lines": [231, 234, 235, 239, 241, 242, 243, 244, 246, 256]}}}, "src/simple_auth.py": {"executed_lines": [], "summary": {"covered_lines": 0, "num_statements": 86, "percent_covered": 0.0, "percent_covered_display": "0", "missing_lines": 86, "excluded_lines": 0}, "missing_lines": [3, 4, 5, 7, 9, 12, 14, 17, 19, 20, 21, 22, 25, 26, 28, 29, 30, 31, 33, 34, 37, 40, 41, 44, 53, 54, 56, 57, 60, 61, 62, 63, 64, 67, 74, 76, 94, 95, 96, 99, 100, 102, 104, 105, 108, 109, 110, 113, 116, 118, 123, 124, 126, 127, 133, 134, 136, 138, 139, 142, 143, 144, 147, 148, 151, 153, 154, 155, 156, 159, 160, 162, 163, 165, 166, 167, 169, 178, 179, 181, 182, 183, 185, 201, 202, 203], "excluded_lines": [], "functions": {"hash_password": {"executed_lines": [], "summary": {"covered_lines": 0, "num_statements": 1, "percent_covered": 0.0, "percent_covered_display": "0", "missing_lines": 1, "excluded_lines": 0}, "missing_lines": [14], "excluded_lines": []}, "get_db_connection": {"executed_lines": [], "summary": {"covered_lines": 0, "num_statements": 4, "percent_covered": 0.0, "percent_covered_display": "0", "missing_lines": 4, "excluded_lines": 0}, "missing_lines": [19, 20, 21, 22], "excluded_lines": []}, "simple_login": {"executed_lines": [], "summary": {"covered_lines": 0, "num_statements": 25, "percent_covered": 0.0, "percent_covered_display": "0", "missing_lines": 25, "excluded_lines": 0}, "missing_lines": [28, 29, 30, 31, 33, 34, 37, 40, 41, 44, 53, 54, 56, 57, 60, 61, 62, 63, 64, 67, 74, 76, 94, 95, 96], "excluded_lines": []}, "simple_logout": {"executed_lines": [], "summary": {"covered_lines": 0, "num_statements": 13, "percent_covered": 0.0, "percent_covered_display": "0", "missing_lines": 13, "excluded_lines": 0}, "missing_lines": [102, 104, 105, 108, 109, 110, 113, 116, 118, 123, 124, 126, 127], "excluded_lines": []}, "simple_logout_get": {"executed_lines": [], "summary": {"covered_lines": 0, "num_statements": 13, "percent_covered": 0.0, "percent_covered_display": "0", "missing_lines": 13, "excluded_lines": 0}, "missing_lines": [136, 138, 139, 142, 143, 144, 147, 148, 151, 153, 154, 155, 156], "excluded_lines": []}, "get_current_user": {"executed_lines": [], "summary": {"covered_lines": 0, "num_statements": 15, "percent_covered": 0.0, "percent_covered_display": "0", "missing_lines": 15, "excluded_lines": 0}, "missing_lines": [162, 163, 165, 166, 167, 169, 178, 179, 181, 182, 183, 185, 201, 202, 203], "excluded_lines": []}, "": {"executed_lines": [], "summary": {"covered_lines": 0, "num_statements": 15, "percent_covered": 0.0, "percent_covered_display": "0", "missing_lines": 15, "excluded_lines": 0}, "missing_lines": [3, 4, 5, 7, 9, 12, 17, 25, 26, 99, 100, 133, 134, 159, 160], "excluded_lines": []}}, "classes": {"": {"executed_lines": [], "summary": {"covered_lines": 0, "num_statements": 86, "percent_covered": 0.0, "percent_covered_display": "0", "missing_lines": 86, "excluded_lines": 0}, "missing_lines": [3, 4, 5, 7, 9, 12, 14, 17, 19, 20, 21, 22, 25, 26, 28, 29, 30, 31, 33, 34, 37, 40, 41, 44, 53, 54, 56, 57, 60, 61, 62, 63, 64, 67, 74, 76, 94, 95, 96, 99, 100, 102, 104, 105, 108, 109, 110, 113, 116, 118, 123, 124, 126, 127, 133, 134, 136, 138, 139, 142, 143, 144, 147, 148, 151, 153, 154, 155, 156, 159, 160, 162, 163, 165, 166, 167, 169, 178, 179, 181, 182, 183, 185, 201, 202, 203], "excluded_lines": []}}}}, "totals": {"covered_lines": 77, "num_statements": 488, "percent_covered": 15.778688524590164, "percent_covered_display": "16", "missing_lines": 411, "excluded_lines": 58}}